<?xml version="1.0" encoding="UTF-8"?>
<testsuite name="UiTestRun" tests="1" skipped="0" failures="0" errors="0" timestamp="2023-01-18T18:27:01" hostname="DESKTOP-I7T3P4J" time="18.825">
  <properties/>
  <testcase name="sauceDemoPage()" classname="UiTestRun" time="18.825"/>
  <system-out><![CDATA[]]></system-out>
  <system-err><![CDATA[SLF4J: Failed to load class "org.slf4j.impl.StaticLoggerBinder".
SLF4J: Defaulting to no-operation (NOP) logger implementation
SLF4J: See http://www.slf4j.org/codes.html#StaticLoggerBinder for further details.
Starting ChromeDriver 109.0.5414.74 (e7c5703604daa9cc128ccf5a5d3e993513758913-refs/branch-heads/5414@{#1172}) on port 5868
Only local connections are allowed.
Please see https://chromedriver.chromium.org/security-considerations for suggestions on keeping ChromeDriver safe.
ChromeDriver was started successfully.
Jan 18, 2023 8:27:02 PM org.openqa.selenium.devtools.CdpVersionFinder findNearestMatch
WARNING: Unable to find an exact match for CDP version 109, so returning the closest version found: 107
[1674066427.893][WARNING]: Timed out connecting to Chrome, retrying...
[1674066435.976][WARNING]: Timed out connecting to Chrome, retrying...
]]></system-err>
</testsuite>
